<?xml version="1.0" encoding="UTF-8"?>
<testsuite xmlns:xsi="http://www.w3.org/2001/XMLSchema-instance" xsi:noNamespaceSchemaLocation="https://maven.apache.org/surefire/maven-surefire-plugin/xsd/surefire-test-report.xsd" version="3.0.2" name="com.pdau.Authentication.AuthenticationApplicationTests" time="59.363" tests="1" errors="0" skipped="0" failures="0">
  <properties>
[...]
</properties>
  <testcase name="contextLoads" classname="com.pdau.Authentication.AuthenticationApplicationTests" time="0.42">
    <system-out><![CDATA[19:23:05.543 [main] INFO org.springframework.test.context.support.AnnotationConfigContextLoaderUtils -- Could not detect default configuration classes for test class [com.pdau.Authentication.AuthenticationApplicationTests]: AuthenticationApplicationTests does not declare any static, non-private, non-final, nested classes annotated with @Configuration.
19:23:05.708 [main] INFO org.springframework.boot.test.context.SpringBootTestContextBootstrapper -- Found @SpringBootConfiguration com.pdau.Authentication.AuthenticationApplication for test class com.pdau.Authentication.AuthenticationApplicationTests
19:23:06.194 [main] INFO org.springframework.boot.devtools.restart.RestartApplicationListener -- Restart disabled due to context in which it is running

  .   ____          _            __ _ _
 /\\ / ___'_ __ _ _(_)_ __  __ _ \ \ \ \
( ( )\___ | '_ | '_| | '_ \/ _` | \ \ \ \
 \\/  ___)| |_)| | | | | || (_| |  ) ) ) )
  '  |____| .__|_| |_|_| |_\__, | / / / /
 =========|_|==============|___/=/_/_/_/

 :: Spring Boot ::                (v3.5.6)

2025-11-11T19:23:14.526-05:00  INFO 23404 --- [authentication] [           main] c.p.A.AuthenticationApplicationTests     : Starting AuthenticationApplicationTests using Java 21.0.6 with PID 23404 (started by SEBASTIAN in C:\Users\SEBASTIAN\OneDrive\Escritorio\Universidad\8. Octavo semestre\MIcroservicios\Proyecto\Authentication)
2025-11-11T19:23:14.526-05:00  INFO 23404 --- [authentication] [           main] c.p.A.AuthenticationApplicationTests     : No active profile set, falling back to 1 default profile: "default"
2025-11-11T19:23:21.169-05:00  INFO 23404 --- [authentication] [           main] .s.d.r.c.RepositoryConfigurationDelegate : Bootstrapping Spring Data JPA repositories in DEFAULT mode.
2025-11-11T19:23:21.450-05:00  INFO 23404 --- [authentication] [           main] .s.d.r.c.RepositoryConfigurationDelegate : Finished Spring Data repository scanning in 268 ms. Found 3 JPA repository interfaces.
2025-11-11T19:23:22.137-05:00  INFO 23404 --- [authentication] [           main] o.s.cloud.context.scope.GenericScope     : BeanFactory id=e1280f1a-0038-3b89-8eaf-090f7bacc5ba
2025-11-11T19:23:22.762-05:00  INFO 23404 --- [authentication] [           main] o.hibernate.jpa.internal.util.LogHelper  : HHH000204: Processing PersistenceUnitInfo [name: default]
2025-11-11T19:23:22.887-05:00  INFO 23404 --- [authentication] [           main] org.hibernate.Version                    : HHH000412: Hibernate ORM core version 6.6.29.Final
2025-11-11T19:23:22.951-05:00  INFO 23404 --- [authentication] [           main] o.h.c.internal.RegionFactoryInitiator    : HHH000026: Second-level cache disabled
2025-11-11T19:23:23.626-05:00  INFO 23404 --- [authentication] [           main] o.s.o.j.p.SpringPersistenceUnitInfo      : No LoadTimeWeaver setup: ignoring JPA class transformer
2025-11-11T19:23:23.694-05:00  INFO 23404 --- [authentication] [           main] com.zaxxer.hikari.HikariDataSource       : HikariPool-1 - Starting...
2025-11-11T19:23:25.862-05:00  INFO 23404 --- [authentication] [           main] com.zaxxer.hikari.pool.HikariPool        : HikariPool-1 - Added connection com.mysql.cj.jdbc.ConnectionImpl@57ed02e6
2025-11-11T19:23:25.864-05:00  INFO 23404 --- [authentication] [           main] com.zaxxer.hikari.HikariDataSource       : HikariPool-1 - Start completed.
2025-11-11T19:23:26.141-05:00  WARN 23404 --- [authentication] [           main] org.hibernate.orm.deprecation            : HHH90000025: MySQLDialect does not need to be specified explicitly using 'hibernate.dialect' (remove the property setting and it will be selected by default)
2025-11-11T19:23:26.161-05:00  INFO 23404 --- [authentication] [           main] org.hibernate.orm.connections.pooling    : HHH10001005: Database info:
	Database JDBC URL [Connecting through datasource 'HikariDataSource (HikariPool-1)']
	Database driver: undefined/unknown
	Database version: 9.4
	Autocommit mode: undefined/unknown
	Isolation level: undefined/unknown
	Minimum pool size: undefined/unknown
	Maximum pool size: undefined/unknown
2025-11-11T19:23:50.303-05:00  INFO 23404 --- [authentication] [           main] o.h.e.t.j.p.i.JtaPlatformInitiator       : HHH000489: No JTA platform available (set 'hibernate.transaction.jta.platform' to enable JTA platform integration)
2025-11-11T19:23:51.408-05:00  INFO 23404 --- [authentication] [           main] j.LocalContainerEntityManagerFactoryBean : Initialized JPA EntityManagerFactory for persistence unit 'default'
2025-11-11T19:23:52.088-05:00  WARN 23404 --- [authentication] [           main] JpaBaseConfiguration$JpaWebConfiguration : spring.jpa.open-in-view is enabled by default. Therefore, database queries may be performed during view rendering. Explicitly configure spring.jpa.open-in-view to disable this warning
2025-11-11T19:23:52.495-05:00  WARN 23404 --- [authentication] [           main] .s.s.UserDetailsServiceAutoConfiguration : 

Using generated security password: d831579f-7a24-4c40-8400-8ec2d1bc1b12

This generated password is for development use only. Your security configuration must be updated before running your application in production.

2025-11-11T19:23:52.513-05:00  INFO 23404 --- [authentication] [           main] r$InitializeUserDetailsManagerConfigurer : Global AuthenticationManager configured with UserDetailsService bean with name inMemoryUserDetailsManager
2025-11-11T19:23:53.247-05:00  INFO 23404 --- [authentication] [           main] DiscoveryClientOptionalArgsConfiguration : Eureka HTTP Client uses RestTemplate.
2025-11-11T19:23:53.316-05:00  WARN 23404 --- [authentication] [           main] iguration$LoadBalancerCaffeineWarnLogger : Spring Cloud LoadBalancer is currently working with the default cache. While this cache implementation is useful for development and tests, it's recommended to use Caffeine cache in production.You can switch to using Caffeine cache, by adding it and org.springframework.cache.caffeine.CaffeineCacheManager to the classpath.
2025-11-11T19:23:53.347-05:00  INFO 23404 --- [authentication] [           main] o.s.c.n.eureka.InstanceInfoFactory       : Setting initial instance status as: STARTING
2025-11-11T19:23:53.410-05:00  INFO 23404 --- [authentication] [           main] com.netflix.discovery.DiscoveryClient    : Initializing Eureka in region us-east-1
2025-11-11T19:23:53.416-05:00  INFO 23404 --- [authentication] [           main] c.n.d.s.r.aws.ConfigClusterResolver      : Resolving eureka endpoints via configuration
2025-11-11T19:23:53.429-05:00  INFO 23404 --- [authentication] [           main] com.netflix.discovery.DiscoveryClient    : Disable delta property : false
2025-11-11T19:23:53.429-05:00  INFO 23404 --- [authentication] [           main] com.netflix.discovery.DiscoveryClient    : Single vip registry refresh property : null
2025-11-11T19:23:53.429-05:00  INFO 23404 --- [authentication] [           main] com.netflix.discovery.DiscoveryClient    : Force full registry fetch : false
2025-11-11T19:23:53.429-05:00  INFO 23404 --- [authentication] [           main] com.netflix.discovery.DiscoveryClient    : Application is null : false
2025-11-11T19:23:53.430-05:00  INFO 23404 --- [authentication] [           main] com.netflix.discovery.DiscoveryClient    : Registered Applications size is zero : true
2025-11-11T19:23:53.430-05:00  INFO 23404 --- [authentication] [           main] com.netflix.discovery.DiscoveryClient    : Application version is -1: true
2025-11-11T19:23:53.430-05:00  INFO 23404 --- [authentication] [           main] com.netflix.discovery.DiscoveryClient    : Getting all instance registry info from the eureka server
2025-11-11T19:24:04.013-05:00  INFO 23404 --- [authentication] [           main] com.netflix.discovery.DiscoveryClient    : The response status is 200
2025-11-11T19:24:04.142-05:00  INFO 23404 --- [authentication] [           main] com.netflix.discovery.DiscoveryClient    : Starting heartbeat executor: renew interval is: 30
2025-11-11T19:24:04.145-05:00  INFO 23404 --- [authentication] [           main] c.n.discovery.InstanceInfoReplicator     : InstanceInfoReplicator onDemand update allowed rate per min is 4
2025-11-11T19:24:04.192-05:00  INFO 23404 --- [authentication] [           main] com.netflix.discovery.DiscoveryClient    : Discovery Client initialized at timestamp 1762907044145 with initial instances count: 3
2025-11-11T19:24:04.200-05:00  INFO 23404 --- [authentication] [           main] o.s.c.n.e.s.EurekaServiceRegistry        : Registering application AUTHENTICATION with eureka with status UP
2025-11-11T19:24:04.200-05:00  INFO 23404 --- [authentication] [           main] com.netflix.discovery.DiscoveryClient    : Saw local status change event StatusChangeEvent [timestamp=1762907044200, current=UP, previous=STARTING]
2025-11-11T19:24:04.204-05:00  INFO 23404 --- [authentication] [foReplicator-%d] com.netflix.discovery.DiscoveryClient    : DiscoveryClient_AUTHENTICATION/authentication:b3a2cd76a82fe787ee599d5dcaefdfa3: registering service...
2025-11-11T19:24:04.212-05:00  INFO 23404 --- [authentication] [           main] c.p.A.AuthenticationApplicationTests     : Started AuthenticationApplicationTests in 58.039 seconds (process running for 59.617)
]]></system-out>
    <system-err><![CDATA[Mockito is currently self-attaching to enable the inline-mock-maker. This will no longer work in future releases of the JDK. Please add Mockito as an agent to your build as described in Mockito's documentation: https://javadoc.io/doc/org.mockito/mockito-core/latest/org.mockito/org/mockito/Mockito.html#0.3
WARNING: A Java agent has been loaded dynamically (C:\Users\SEBASTIAN\.m2\repository\net\bytebuddy\byte-buddy-agent\1.17.7\byte-buddy-agent-1.17.7.jar)
WARNING: If a serviceability tool is in use, please run with -XX:+EnableDynamicAgentLoading to hide this warning
WARNING: If a serviceability tool is not in use, please run with -Djdk.instrument.traceUsage for more information
WARNING: Dynamic loading of agents will be disallowed by default in a future release
]]></system-err>
  </testcase>
</testsuite>